// 同步 ID: f9ddb36c @ Thu May 28 11:26:13 UTC 2026
// 重构日志: 36b4924c
// 重构日志: a3c3693e
// 重构日志: d1d44661
// 重构日志: 487643ad
// 同步 ID: 174e7e64 @ Fri Jun  5 01:17:31 UTC 2026
// 重构日志: 26d51fc9
// 重构日志: bf1e2c15
// 同步 ID: f3ead864 @ Sat Jun  6 09:56:11 UTC 2026
// 同步 ID: b2365837 @ Sun Jun  7 11:07:24 UTC 2026
// 重构日志: 843222b1
// 同步 ID: 72c0ee4a @ Tue Jun  9 10:51:40 UTC 2026
// 同步 ID: dab71201 @ Wed Jun 10 13:08:10 UTC 2026
// 重构日志: f55b30e6
// 重构日志: df49bdb7
// 重构日志: 52d1d7bf
// 重构日志: 402dbfdd
// 重构日志: 7c86eb0a
// 同步 ID: a2150fbc @ Fri Jun 19 13:45:19 UTC 2026
// 重构日志: c20ef5ca
